2016-11-28T07:36:25.689 /Users/jake/Desktop/sextraction/2016-11-27T10-2/AllSkyImage000105598.fit     63001     1291.     70.53     1000.     7571.
2016-11-28T07:09:57.998 /Users/jake/Desktop/sextraction/2016-11-27T10-2/AllSkyImage000105573.fit     63001     1292.     64.93      992.     6780.
2016-11-28T07:02:50.550 /Users/jake/Desktop/sextraction/2016-11-27T10-2/AllSkyImage000105567.fit     63001     1294.     66.34      872.     8983.
2016-11-28T07:01:49.485 /Users/jake/Desktop/sextraction/2016-11-27T10-2/AllSkyImage000105566.fit     63001     1293.     63.04     1101.     5787.
2016-11-28T07:07:55.871 /Users/jake/Desktop/sextraction/2016-11-27T10-2/AllSkyImage000105572.fit     63001     1295.     65.33        0.     7020.
2016-11-28T07:37:26.750 /Users/jake/Desktop/sextraction/2016-11-27T10-2/AllSkyImage000105599.fit     63001     1291.     101.4     1062.    18868.
2016-11-28T06:59:47.353 /Users/jake/Desktop/sextraction/2016-11-27T10-2/AllSkyImage000105564.fit     63001     1293.     69.53        0.     9545.
2016-11-28T07:05:53.738 /Users/jake/Desktop/sextraction/2016-11-27T10-2/AllSkyImage000105570.fit     63001     1295.     64.06     1096.     6329.
2016-11-28T07:06:54.811 /Users/jake/Desktop/sextraction/2016-11-27T10-2/AllSkyImage000105571.fit     63001     1295.     69.82     1099.    10604.
2016-11-28T07:00:48.413 /Users/jake/Desktop/sextraction/2016-11-27T10-2/AllSkyImage000105565.fit     63001     1293.     69.08     1072.     9299.
2016-11-28T07:12:00.134 /Users/jake/Desktop/sextraction/2016-11-27T10-2/AllSkyImage000105575.fit     63001     1295.     61.45     1060.     5386.
2016-11-28T07:10:59.065 /Users/jake/Desktop/sextraction/2016-11-27T10-2/AllSkyImage000105574.fit     63001     1293.      66.5     1101.     8842.
2016-11-28T07:27:16.092 /Users/jake/Desktop/sextraction/2016-11-27T10-2/AllSkyImage000105589.fit     63001     1291.     67.42     1029.     7994.
2016-11-28T07:13:01.199 /Users/jake/Desktop/sextraction/2016-11-27T10-2/AllSkyImage000105576.fit     63001     1297.     67.11     1107.     9000.
2016-11-28T06:58:46.289 /Users/jake/Desktop/sextraction/2016-11-27T10-2/AllSkyImage000105563.fit     63001     1294.      64.8        0.     6376.
2016-11-28T07:14:02.259 /Users/jake/Desktop/sextraction/2016-11-27T10-2/AllSkyImage000105577.fit     63001     1298.      66.3     1098.     6740.
2016-11-28T07:25:13.970 /Users/jake/Desktop/sextraction/2016-11-27T10-2/AllSkyImage000105588.fit     63001     1291.     67.81     1094.     7084.
2016-11-28T07:29:18.235 /Users/jake/Desktop/sextraction/2016-11-27T10-2/AllSkyImage000105591.fit     63001     1292.     71.04      942.    10073.
2016-11-28T07:22:10.773 /Users/jake/Desktop/sextraction/2016-11-27T10-2/AllSkyImage000105585.fit     63001     1294.     65.14     1078.     5347.
2016-11-28T07:21:09.712 /Users/jake/Desktop/sextraction/2016-11-27T10-2/AllSkyImage000105584.fit     63001     1297.     68.68     1081.     8275.
2016-11-28T07:28:17.157 /Users/jake/Desktop/sextraction/2016-11-27T10-2/AllSkyImage000105590.fit     63001     1291.     63.25     1065.     5360.
2016-11-28T07:23:11.834 /Users/jake/Desktop/sextraction/2016-11-27T10-2/AllSkyImage000105586.fit     63001     1293.      68.8     1070.     8848.
2016-11-28T07:30:19.299 /Users/jake/Desktop/sextraction/2016-11-27T10-2/AllSkyImage000105592.fit     63001     1293.     65.16     1067.     5930.
2016-11-28T07:16:04.385 /Users/jake/Desktop/sextraction/2016-11-27T10-2/AllSkyImage000105579.fit     63001     1299.     64.94     1087.     5740.
2016-11-28T07:15:03.330 /Users/jake/Desktop/sextraction/2016-11-27T10-2/AllSkyImage000105578.fit     63001     1299.     64.89     1093.     6933.
2016-11-28T07:31:20.357 /Users/jake/Desktop/sextraction/2016-11-27T10-2/AllSkyImage000105593.fit     63001     1294.     65.63     1018.     6853.
2016-11-28T07:24:12.907 /Users/jake/Desktop/sextraction/2016-11-27T10-2/AllSkyImage000105587.fit     63001     1292.     63.95     1077.     5042.
2016-11-28T07:20:08.647 /Users/jake/Desktop/sextraction/2016-11-27T10-2/AllSkyImage000105583.fit     63001     1298.     67.19     1103.     6591.
2016-11-28T07:35:24.622 /Users/jake/Desktop/sextraction/2016-11-27T10-2/AllSkyImage000105597.fit     63001     1291.     75.87     1046.    11536.
2016-11-28T07:03:51.603 /Users/jake/Desktop/sextraction/2016-11-27T10-2/AllSkyImage000105568.fit     63001     1295.      67.1     1101.     8823.
2016-11-28T07:04:52.677 /Users/jake/Desktop/sextraction/2016-11-27T10-2/AllSkyImage000105569.fit     63001     1295.     65.99     1059.     7819.
2016-11-28T07:34:23.559 /Users/jake/Desktop/sextraction/2016-11-27T10-2/AllSkyImage000105596.fit     63001     1292.     71.91     1000.     7295.
2016-11-28T07:19:07.576 /Users/jake/Desktop/sextraction/2016-11-27T10-2/AllSkyImage000105582.fit     63001     1298.     67.97     1088.     8459.
2016-11-28T07:32:21.425 /Users/jake/Desktop/sextraction/2016-11-27T10-2/AllSkyImage000105594.fit     63001     1293.     67.58      976.     6226.
2016-11-28T07:17:05.442 /Users/jake/Desktop/sextraction/2016-11-27T10-2/AllSkyImage000105580.fit     63001     1299.     70.29     1104.     9924.
2016-11-28T07:18:06.519 /Users/jake/Desktop/sextraction/2016-11-27T10-2/AllSkyImage000105581.fit     63001     1298.     64.68     1081.     5814.
2016-11-28T07:33:22.483 /Users/jake/Desktop/sextraction/2016-11-27T10-2/AllSkyImage000105595.fit     63001     1293.     73.74     1059.     8779.
2016-11-28T08:21:12.516 /Users/jake/Desktop/sextraction/2016-11-27T10-2/AllSkyImage000105639.fit     63001     1293.     76.28      597.    11663.
2016-11-28T07:44:34.205 /Users/jake/Desktop/sextraction/2016-11-27T10-2/AllSkyImage000105605.fit     63001     1289.     72.28     1053.     8461.
2016-11-28T07:50:40.583 /Users/jake/Desktop/sextraction/2016-11-27T10-2/AllSkyImage000105611.fit     63001     1288.     71.11      983.     8928.
2016-11-28T07:49:39.517 /Users/jake/Desktop/sextraction/2016-11-27T10-2/AllSkyImage000105610.fit     63001     1289.     74.02     1064.    10077.
2016-11-28T07:42:32.078 /Users/jake/Desktop/sextraction/2016-11-27T10-2/AllSkyImage000105604.fit     63001     1291.     96.86     1064.    18844.
2016-11-28T08:20:11.450 /Users/jake/Desktop/sextraction/2016-11-27T10-2/AllSkyImage000105638.fit     63001     1332.     71.06      720.     8137.
2016-11-28T07:51:41.654 /Users/jake/Desktop/sextraction/2016-11-27T10-2/AllSkyImage000105612.fit     63001     1289.     68.18     1053.     7262.
2016-11-28T07:45:35.257 /Users/jake/Desktop/sextraction/2016-11-27T10-2/AllSkyImage000105606.fit     63001     1289.     71.64     1030.     6692.
2016-11-28T07:46:36.329 /Users/jake/Desktop/sextraction/2016-11-27T10-2/AllSkyImage000105607.fit     63001     1289.     74.21      984.     9202.
2016-11-28T07:52:42.719 /Users/jake/Desktop/sextraction/2016-11-27T10-2/AllSkyImage000105613.fit     63001     1289.     72.29     1000.    10859.
2016-11-28T07:56:46.966 /Users/jake/Desktop/sextraction/2016-11-27T10-2/AllSkyImage000105617.fit     63001     1289.     72.15     1088.     6986.
2016-11-28T07:41:31.011 /Users/jake/Desktop/sextraction/2016-11-27T10-2/AllSkyImage000105603.fit     63001     1290.     104.4      963.    18854.
2016-11-28T07:40:29.940 /Users/jake/Desktop/sextraction/2016-11-27T10-2/AllSkyImage000105602.fit     63001     1290.      97.4     1038.    18947.
2016-11-28T07:55:45.902 /Users/jake/Desktop/sextraction/2016-11-27T10-2/AllSkyImage000105616.fit     63001     1289.     70.07     1056.     7598.
2016-11-28T07:38:27.803 /Users/jake/Desktop/sextraction/2016-11-27T10-2/AllSkyImage000105600.fit     63001     1291.     100.8      744.    18848.
2016-11-28T07:53:43.780 /Users/jake/Desktop/sextraction/2016-11-27T10-2/AllSkyImage000105614.fit     63001     1288.     68.61     1087.     6723.
2016-11-28T08:08:59.750 /Users/jake/Desktop/sextraction/2016-11-27T10-2/AllSkyImage000105628.fit     63001     1288.     72.54      957.     8236.
2016-11-28T08:10:00.813 /Users/jake/Desktop/sextraction/2016-11-27T10-2/AllSkyImage000105629.fit     63001     1289.     72.39      949.     7269.
2016-11-28T07:54:44.838 /Users/jake/Desktop/sextraction/2016-11-27T10-2/AllSkyImage000105615.fit     63001     1288.     72.65     1099.     9929.
2016-11-28T07:39:28.875 /Users/jake/Desktop/sextraction/2016-11-27T10-2/AllSkyImage000105601.fit     63001     1291.     97.98     1000.    18843.
2016-11-28T09:25:19.574 /Users/jake/Desktop/sextraction/2016-11-27T10-2/AllSkyImage000105699.fit     63001     1306.     69.96        0.     8443.
2016-11-28T08:49:42.325 /Users/jake/Desktop/sextraction/2016-11-27T10-2/AllSkyImage000105666.fit     63001     1300.     70.31     1000.     9130.
2016-11-28T08:56:49.775 /Users/jake/Desktop/sextraction/2016-11-27T10-2/AllSkyImage000105672.fit     63001     1304.     73.28     1016.    10614.
2016-11-28T08:57:50.830 /Users/jake/Desktop/sextraction/2016-11-27T10-2/AllSkyImage000105673.fit     63001     1305.     70.43      857.     6921.
2016-11-28T08:50:43.380 /Users/jake/Desktop/sextraction/2016-11-27T10-2/AllSkyImage000105667.fit     63001     1300.     70.49     1016.     8445.
2016-11-28T09:24:18.514 /Users/jake/Desktop/sextraction/2016-11-27T10-2/AllSkyImage000105698.fit     63001     1304.     66.59        0.     7945.
2016-11-28T08:42:34.873 /Users/jake/Desktop/sextraction/2016-11-27T10-2/AllSkyImage000105659.fit     63001     1299.     68.25      979.     7647.
2016-11-28T08:55:48.710 /Users/jake/Desktop/sextraction/2016-11-27T10-2/AllSkyImage000105671.fit     63001     1304.     70.93      976.     7437.
2016-11-28T08:48:41.252 /Users/jake/Desktop/sextraction/2016-11-27T10-2/AllSkyImage000105665.fit     63001     1300.     71.98      920.     9432.
2016-11-28T08:47:40.192 /Users/jake/Desktop/sextraction/2016-11-27T10-2/AllSkyImage000105664.fit     63001     1299.     67.66     1044.     6967.
2016-11-28T08:54:47.648 /Users/jake/Desktop/sextraction/2016-11-27T10-2/AllSkyImage000105670.fit     63001     1304.      72.4      972.     9131.
2016-11-28T08:41:33.810 /Users/jake/Desktop/sextraction/2016-11-27T10-2/AllSkyImage000105658.fit     63001     1299.     70.62     1000.     9815.
2016-11-28T08:58:51.906 /Users/jake/Desktop/sextraction/2016-11-27T10-2/AllSkyImage000105674.fit     63001     1305.      72.7      876.     9118.
2016-11-28T08:43:35.938 /Users/jake/Desktop/sextraction/2016-11-27T10-2/AllSkyImage000105660.fit     63001     1299.     73.18      725.     9548.
2016-11-28T08:30:22.094 /Users/jake/Desktop/sextraction/2016-11-27T10-2/AllSkyImage000105648.fit     63001     1299.     70.03      706.     7361.
2016-11-28T08:31:23.151 /Users/jake/Desktop/sextraction/2016-11-27T10-2/AllSkyImage000105649.fit     63001     1300.     71.08      727.     6874.
2016-11-28T08:44:37.000 /Users/jake/Desktop/sextraction/2016-11-27T10-2/AllSkyImage000105661.fit     63001     1299.     69.11      936.     7049.
2016-11-28T08:59:52.966 /Users/jake/Desktop/sextraction/2016-11-27T10-2/AllSkyImage000105675.fit     63001     1306.     72.07      997.     9125.
2016-11-28T09:14:07.863 /Users/jake/Desktop/sextraction/2016-11-27T10-2/AllSkyImage000105688.fit     63001     1308.     64.65        0.     6628.
2016-11-28T08:46:39.129 /Users/jake/Desktop/sextraction/2016-11-27T10-2/AllSkyImage000105663.fit     63001     1299.     68.57      959.     7093.
2016-11-28T09:01:55.101 /Users/jake/Desktop/sextraction/2016-11-27T10-2/AllSkyImage000105677.fit     63001     1306.     74.75      931.    11237.
2016-11-28T09:00:54.026 /Users/jake/Desktop/sextraction/2016-11-27T10-2/AllSkyImage000105676.fit     63001     1306.     77.52     1021.    10651.
2016-11-28T08:45:38.058 /Users/jake/Desktop/sextraction/2016-11-27T10-2/AllSkyImage000105662.fit     63001     1299.     67.72     1027.     5864.
2016-11-28T09:15:08.930 /Users/jake/Desktop/sextraction/2016-11-27T10-2/AllSkyImage000105689.fit     63001     1308.     69.75        0.    10215.
2016-11-28T09:09:02.547 /Users/jake/Desktop/sextraction/2016-11-27T10-2/AllSkyImage000105684.fit     63001     1310.     67.87      884.     8761.
2016-11-28T09:16:10.005 /Users/jake/Desktop/sextraction/2016-11-27T10-2/AllSkyImage000105690.fit     63001     1307.     63.26        0.     5676.
2016-11-28T08:29:21.023 /Users/jake/Desktop/sextraction/2016-11-27T10-2/AllSkyImage000105647.fit     63001     1298.     69.27      702.     7778.
2016-11-28T08:36:28.485 /Users/jake/Desktop/sextraction/2016-11-27T10-2/AllSkyImage000105653.fit     63001     1298.     73.06      744.     9851.
2016-11-28T08:34:26.346 /Users/jake/Desktop/sextraction/2016-11-27T10-2/AllSkyImage000105652.fit     63001     1299.     71.67      679.     9407.
2016-11-28T08:28:19.970 /Users/jake/Desktop/sextraction/2016-11-27T10-2/AllSkyImage000105646.fit     63001     1298.     72.32      646.     9194.
2016-11-28T09:17:11.069 /Users/jake/Desktop/sextraction/2016-11-27T10-2/AllSkyImage000105691.fit     63001     1306.     71.23        0.    11024.
2016-11-28T09:11:04.684 /Users/jake/Desktop/sextraction/2016-11-27T10-2/AllSkyImage000105685.fit     63001     1312.     66.48        0.     8465.
2016-11-28T09:19:13.192 /Users/jake/Desktop/sextraction/2016-11-27T10-2/AllSkyImage000105693.fit     63001     1304.     67.67        0.     9350.
2016-11-28T09:13:06.807 /Users/jake/Desktop/sextraction/2016-11-27T10-2/AllSkyImage000105687.fit     63001     1309.     67.89        0.     7189.
2016-11-28T09:02:56.159 /Users/jake/Desktop/sextraction/2016-11-27T10-2/AllSkyImage000105678.fit     63001     1307.     65.93      873.     5098.
2016-11-28T08:32:24.226 /Users/jake/Desktop/sextraction/2016-11-27T10-2/AllSkyImage000105650.fit     63001     1299.     71.85      688.     7829.
2016-11-28T08:26:17.831 /Users/jake/Desktop/sextraction/2016-11-27T10-2/AllSkyImage000105644.fit     63001     1387.     76.87      877.     9256.
2016-11-28T08:27:18.907 /Users/jake/Desktop/sextraction/2016-11-27T10-2/AllSkyImage000105645.fit     63001     1382.     76.92      773.     8233.
2016-11-28T08:33:25.291 /Users/jake/Desktop/sextraction/2016-11-27T10-2/AllSkyImage000105651.fit     63001     1299.      69.3      639.     7513.
2016-11-28T09:03:57.222 /Users/jake/Desktop/sextraction/2016-11-27T10-2/AllSkyImage000105679.fit     63001     1307.     73.27      939.    10859.
2016-11-28T09:12:05.733 /Users/jake/Desktop/sextraction/2016-11-27T10-2/AllSkyImage000105686.fit     63001     1311.     68.67        0.     8017.
2016-11-28T09:18:12.131 /Users/jake/Desktop/sextraction/2016-11-27T10-2/AllSkyImage000105692.fit     63001     1305.     63.73        0.     7004.
2016-11-28T09:22:16.383 /Users/jake/Desktop/sextraction/2016-11-27T10-2/AllSkyImage000105696.fit     63001     1303.     70.34        0.    10546.
2016-11-28T09:07:00.415 /Users/jake/Desktop/sextraction/2016-11-27T10-2/AllSkyImage000105682.fit     63001     1309.     69.34      934.     8382.
2016-11-28T08:38:30.606 /Users/jake/Desktop/sextraction/2016-11-27T10-2/AllSkyImage000105655.fit     63001     1299.     68.78     1000.     6879.
2016-11-28T08:23:14.635 /Users/jake/Desktop/sextraction/2016-11-27T10-2/AllSkyImage000105641.fit     63001     1517.     121.3      962.     9256.
2016-11-28T08:53:46.583 /Users/jake/Desktop/sextraction/2016-11-27T10-2/AllSkyImage000105669.fit     63001     1302.     69.87        0.     6309.
2016-11-28T08:51:44.452 /Users/jake/Desktop/sextraction/2016-11-27T10-2/AllSkyImage000105668.fit     63001     1299.     71.12      936.     7400.
2016-11-28T08:22:13.576 /Users/jake/Desktop/sextraction/2016-11-27T10-2/AllSkyImage000105640.fit     63001     1292.     67.71      682.     5783.
2016-11-28T08:37:29.542 /Users/jake/Desktop/sextraction/2016-11-27T10-2/AllSkyImage000105654.fit     63001     1299.     69.72      744.     6571.
2016-11-28T09:08:01.479 /Users/jake/Desktop/sextraction/2016-11-27T10-2/AllSkyImage000105683.fit     63001     1309.     65.11      929.     6386.
2016-11-28T09:23:17.441 /Users/jake/Desktop/sextraction/2016-11-27T10-2/AllSkyImage000105697.fit     63001     1303.     66.59        0.     7481.
2016-11-28T09:05:59.352 /Users/jake/Desktop/sextraction/2016-11-27T10-2/AllSkyImage000105681.fit     63001     1308.     68.75      904.     9091.
2016-11-28T09:21:15.319 /Users/jake/Desktop/sextraction/2016-11-27T10-2/AllSkyImage000105695.fit     63001     1302.     66.55        0.     6028.
2016-11-28T08:24:15.701 /Users/jake/Desktop/sextraction/2016-11-27T10-2/AllSkyImage000105642.fit     63001     1383.     77.21      809.     7827.
2016-11-28T08:39:31.677 /Users/jake/Desktop/sextraction/2016-11-27T10-2/AllSkyImage000105656.fit     63001     1299.      69.2      936.     8286.
2016-11-28T08:40:32.733 /Users/jake/Desktop/sextraction/2016-11-27T10-2/AllSkyImage000105657.fit     63001     1299.     69.97     1000.     7387.
2016-11-28T08:25:16.765 /Users/jake/Desktop/sextraction/2016-11-27T10-2/AllSkyImage000105643.fit     63001     1384.      71.9      778.     5887.
2016-11-28T09:20:14.260 /Users/jake/Desktop/sextraction/2016-11-27T10-2/AllSkyImage000105694.fit     63001     1303.     66.72        0.     9379.
2016-11-28T09:04:58.290 /Users/jake/Desktop/sextraction/2016-11-27T10-2/AllSkyImage000105680.fit     63001     1308.     69.04      872.     7342.
2016-11-28T07:57:48.033 /Users/jake/Desktop/sextraction/2016-11-27T10-2/AllSkyImage000105618.fit     63001     1289.     71.69     1064.     7256.
2016-11-28T08:04:55.491 /Users/jake/Desktop/sextraction/2016-11-27T10-2/AllSkyImage000105624.fit     63001     1288.     71.81      977.     7419.
2016-11-28T08:11:01.864 /Users/jake/Desktop/sextraction/2016-11-27T10-2/AllSkyImage000105630.fit     63001     1289.     70.72      964.     6704.
2016-11-28T08:12:02.930 /Users/jake/Desktop/sextraction/2016-11-27T10-2/AllSkyImage000105631.fit     63001     1290.     73.76      927.     9448.
2016-11-28T08:05:56.547 /Users/jake/Desktop/sextraction/2016-11-27T10-2/AllSkyImage000105625.fit     63001     1288.     74.32      973.    10510.
2016-11-28T07:58:49.102 /Users/jake/Desktop/sextraction/2016-11-27T10-2/AllSkyImage000105619.fit     63001     1290.     73.39     1054.     9683.
2016-11-28T08:14:05.063 /Users/jake/Desktop/sextraction/2016-11-27T10-2/AllSkyImage000105633.fit     63001     1290.     79.14      990.    11780.
2016-11-28T08:07:58.679 /Users/jake/Desktop/sextraction/2016-11-27T10-2/AllSkyImage000105627.fit     63001     1288.     75.56      964.     9367.
2016-11-28T08:06:57.612 /Users/jake/Desktop/sextraction/2016-11-27T10-2/AllSkyImage000105626.fit     63001     1287.     72.22      922.     7706.
2016-11-28T08:13:03.995 /Users/jake/Desktop/sextraction/2016-11-27T10-2/AllSkyImage000105632.fit     63001     1291.     69.27      945.     5923.
2016-11-28T08:17:08.262 /Users/jake/Desktop/sextraction/2016-11-27T10-2/AllSkyImage000105636.fit     63001     1292.     75.02      922.     8798.
2016-11-28T08:02:53.357 /Users/jake/Desktop/sextraction/2016-11-27T10-2/AllSkyImage000105622.fit     63001     1288.     72.91      932.    10140.
2016-11-28T08:03:54.414 /Users/jake/Desktop/sextraction/2016-11-27T10-2/AllSkyImage000105623.fit     63001     1288.     75.23      921.     8501.
2016-11-28T08:19:10.392 /Users/jake/Desktop/sextraction/2016-11-27T10-2/AllSkyImage000105637.fit     63001     1324.     74.75      732.    10697.
2016-11-28T08:01:52.295 /Users/jake/Desktop/sextraction/2016-11-27T10-2/AllSkyImage000105621.fit     63001     1287.      68.8      924.     8181.
2016-11-28T08:16:07.188 /Users/jake/Desktop/sextraction/2016-11-27T10-2/AllSkyImage000105635.fit     63001     1291.     76.35      937.    10626.
2016-11-28T07:48:38.450 /Users/jake/Desktop/sextraction/2016-11-27T10-2/AllSkyImage000105609.fit     63001     1288.     69.41     1005.     7994.
2016-11-28T07:47:37.386 /Users/jake/Desktop/sextraction/2016-11-27T10-2/AllSkyImage000105608.fit     63001     1288.     70.82     1042.     8474.
2016-11-28T08:15:06.129 /Users/jake/Desktop/sextraction/2016-11-27T10-2/AllSkyImage000105634.fit     63001     1291.     71.24     1026.     8376.
2016-11-28T07:59:50.166 /Users/jake/Desktop/sextraction/2016-11-27T10-2/AllSkyImage000105620.fit     63001     1290.     68.17     1058.     5561.
2016-11-28T09:39:34.478     <__main__.SidTime instance at 0x114e16320> /Users/jake/Desktop/sextraction/2016-11-27T10-2/AllSkyImage000105712.fit     63001     1300.     87.94        0.    10667.
2016-11-28T09:33:28.089     <__main__.SidTime instance at 0x114e2df80> /Users/jake/Desktop/sextraction/2016-11-27T10-2/AllSkyImage000105706.fit     63001     1301.     66.76      938.     8086.
2016-11-28T09:34:29.163     <__main__.SidTime instance at 0x114e31170> /Users/jake/Desktop/sextraction/2016-11-27T10-2/AllSkyImage000105707.fit     63001     1301.      67.1        0.     9050.
2016-11-28T09:40:35.542     <__main__.SidTime instance at 0x114e2df80> /Users/jake/Desktop/sextraction/2016-11-27T10-2/AllSkyImage000105713.fit     63001     1300.     88.32        0.    12432.
2016-11-28T09:32:27.021     <__main__.SidTime instance at 0x114e24c20> /Users/jake/Desktop/sextraction/2016-11-27T10-2/AllSkyImage000105705.fit     63001     1302.     66.64      879.     7049.
2016-11-28T09:38:33.423     <__main__.SidTime instance at 0x114e01950> /Users/jake/Desktop/sextraction/2016-11-27T10-2/AllSkyImage000105711.fit     63001     1300.     91.79        0.    15372.
2016-11-28T09:37:32.354     <__main__.SidTime instance at 0x114e32488> /Users/jake/Desktop/sextraction/2016-11-27T10-2/AllSkyImage000105710.fit     63001     1299.     67.39        0.     7747.
2016-11-28T09:31:25.969     <__main__.SidTime instance at 0x114e33488> /Users/jake/Desktop/sextraction/2016-11-27T10-2/AllSkyImage000105704.fit     63001     1304.     68.25     1000.     7298.
2016-11-28T09:26:20.635     <__main__.SidTime instance at 0x114e34488> /Users/jake/Desktop/sextraction/2016-11-27T10-2/AllSkyImage000105700.fit     63001     1307.     67.35        0.     8662.
2016-11-28T09:41:36.603     <__main__.SidTime instance at 0x114e35488> /Users/jake/Desktop/sextraction/2016-11-27T10-2/AllSkyImage000105714.fit     63001     1301.     91.64        0.    14496.
2016-11-28T09:56:52.577     <__main__.SidTime instance at 0x114e36488> /Users/jake/Desktop/sextraction/2016-11-27T10-2/AllSkyImage000105728.fit     63001     1305.     104.1      965.    16152.
2016-11-28T09:57:53.635     <__main__.SidTime instance at 0x114e37488> /Users/jake/Desktop/sextraction/2016-11-27T10-2/AllSkyImage000105729.fit     63001     1307.     94.34     1050.    16858.
2016-11-28T09:42:37.668     <__main__.SidTime instance at 0x114e38488> /Users/jake/Desktop/sextraction/2016-11-27T10-2/AllSkyImage000105715.fit     63001     1300.     87.82        0.    10386.
2016-11-28T09:28:22.768     <__main__.SidTime instance at 0x114e3a488> /Users/jake/Desktop/sextraction/2016-11-27T10-2/AllSkyImage000105701.fit     63001     1308.     73.51     1050.    11899.
2016-11-28T09:45:40.867     <__main__.SidTime instance at 0x114e3a170> /Users/jake/Desktop/sextraction/2016-11-27T10-2/AllSkyImage000105717.fit     63001     1299.     96.34      761.    14090.
2016-11-28T09:30:24.895     <__main__.SidTime instance at 0x114e38128> /Users/jake/Desktop/sextraction/2016-11-27T10-2/AllSkyImage000105703.fit     63001     1306.     70.09      936.    10739.
2016-11-28T09:29:23.832     <__main__.SidTime instance at 0x114e371b8> /Users/jake/Desktop/sextraction/2016-11-27T10-2/AllSkyImage000105702.fit     63001     1307.     64.02      994.     5088.
2016-11-28T09:43:38.745     <__main__.SidTime instance at 0x114e01f80> /Users/jake/Desktop/sextraction/2016-11-27T10-2/AllSkyImage000105716.fit     63001     1299.     78.44        0.    10008.
2016-11-28T09:55:51.517     <__main__.SidTime instance at 0x114e2d098> /Users/jake/Desktop/sextraction/2016-11-27T10-2/AllSkyImage000105727.fit     63001     1303.     103.5     1010.    16216.
2016-11-28T09:54:50.444     <__main__.SidTime instance at 0x114e0a8c0> /Users/jake/Desktop/sextraction/2016-11-27T10-2/AllSkyImage000105726.fit     63001     1301.     103.1     1044.    16152.
2016-11-28T09:46:41.937     <__main__.SidTime instance at 0x114e313f8> /Users/jake/Desktop/sextraction/2016-11-27T10-2/AllSkyImage000105718.fit     63001     1300.     82.67     1014.    11531.
2016-11-28T09:52:48.313     <__main__.SidTime instance at 0x114e229e0> /Users/jake/Desktop/sextraction/2016-11-27T10-2/AllSkyImage000105724.fit     63001     1299.     84.09      968.    12652.
2016-11-28T09:58:54.708     <__main__.SidTime instance at 0x114e3bea8> /Users/jake/Desktop/sextraction/2016-11-27T10-2/AllSkyImage000105730.fit     63001     1307.     83.06     1043.    11658.
2016-11-28T09:53:49.377     <__main__.SidTime instance at 0x114e2cea8> /Users/jake/Desktop/sextraction/2016-11-27T10-2/AllSkyImage000105725.fit     63001     1300.     81.98     1064.    10329.
2016-11-28T09:47:43.001     <__main__.SidTime instance at 0x114e35ea8> /Users/jake/Desktop/sextraction/2016-11-27T10-2/AllSkyImage000105719.fit     63001     1300.     81.46     1096.     9893.
2016-11-28T09:49:45.129     <__main__.SidTime instance at 0x114e34ea8> /Users/jake/Desktop/sextraction/2016-11-27T10-2/AllSkyImage000105721.fit     63001     1300.     108.3     1049.    16067.
2016-11-28T09:36:31.283     <__main__.SidTime instance at 0x114e35cb0> /Users/jake/Desktop/sextraction/2016-11-27T10-2/AllSkyImage000105709.fit     63001     1301.     73.22        0.    11980.
2016-11-28T09:35:30.228     <__main__.SidTime instance at 0x114e2cf38> /Users/jake/Desktop/sextraction/2016-11-27T10-2/AllSkyImage000105708.fit     63001     1301.     64.79        0.     5867.
2016-11-28T09:48:44.067     <__main__.SidTime instance at 0x114e24950> /Users/jake/Desktop/sextraction/2016-11-27T10-2/AllSkyImage000105720.fit     63001     1301.     90.93     1000.    15282.
2016-11-28T09:50:46.197     <__main__.SidTime instance at 0x114e14ef0> /Users/jake/Desktop/sextraction/2016-11-27T10-2/AllSkyImage000105722.fit     63001     1300.     103.4     1010.    16074.
2016-11-28T09:51:47.253     <__main__.SidTime instance at 0x114e0af80> /Users/jake/Desktop/sextraction/2016-11-27T10-2/AllSkyImage000105723.fit     63001     1299.       97.     1026.    16763.
2016-11-28T09:39:34.478     [06h 19m 44.218s] /Users/jake/Desktop/sextraction/2016-11-27T10-2/AllSkyImage000105712.fit     63001     1300.     87.94        0.    10667.
2016-11-28T09:33:28.089     [06h 13m 36.826s] /Users/jake/Desktop/sextraction/2016-11-27T10-2/AllSkyImage000105706.fit     63001     1301.     66.76      938.     8086.
2016-11-28T09:34:29.163     [06h 14m 38.067s] /Users/jake/Desktop/sextraction/2016-11-27T10-2/AllSkyImage000105707.fit     63001     1301.      67.1        0.     9050.
2016-11-28T09:40:35.542     [06h 20m 45.449s] /Users/jake/Desktop/sextraction/2016-11-27T10-2/AllSkyImage000105713.fit     63001     1300.     88.32        0.    12432.
2016-11-28T09:32:27.021     [06h 12m 35.590s] /Users/jake/Desktop/sextraction/2016-11-27T10-2/AllSkyImage000105705.fit     63001     1302.     66.64      879.     7049.
2016-11-28T09:38:33.423     [06h 18m 42.996s] /Users/jake/Desktop/sextraction/2016-11-27T10-2/AllSkyImage000105711.fit     63001     1300.     91.79        0.    15372.
2016-11-28T09:37:32.354     [06h 17m 41.759s] /Users/jake/Desktop/sextraction/2016-11-27T10-2/AllSkyImage000105710.fit     63001     1299.     67.39        0.     7747.
2016-11-28T09:31:25.969     [06h 11m 34.371s] /Users/jake/Desktop/sextraction/2016-11-27T10-2/AllSkyImage000105704.fit     63001     1304.     68.25     1000.     7298.
2016-11-28T09:26:20.635     [06h 06m 28.201s] /Users/jake/Desktop/sextraction/2016-11-27T10-2/AllSkyImage000105700.fit     63001     1307.     67.35        0.     8662.
2016-11-28T09:41:36.603     [06h 21m 46.677s] /Users/jake/Desktop/sextraction/2016-11-27T10-2/AllSkyImage000105714.fit     63001     1301.     91.64        0.    14496.
2016-11-28T09:56:52.577     [06h 37m 05.159s] /Users/jake/Desktop/sextraction/2016-11-27T10-2/AllSkyImage000105728.fit     63001     1305.     104.1      965.    16152.
2016-11-28T09:57:53.635     [06h 38m 06.384s] /Users/jake/Desktop/sextraction/2016-11-27T10-2/AllSkyImage000105729.fit     63001     1307.     94.34     1050.    16858.
2016-11-28T09:42:37.668     [06h 22m 47.909s] /Users/jake/Desktop/sextraction/2016-11-27T10-2/AllSkyImage000105715.fit     63001     1300.     87.82        0.    10386.
2016-11-28T09:28:22.768     [06h 08m 30.669s] /Users/jake/Desktop/sextraction/2016-11-27T10-2/AllSkyImage000105701.fit     63001     1308.     73.51     1050.    11899.
2016-11-28T09:45:40.867     [06h 25m 51.610s] /Users/jake/Desktop/sextraction/2016-11-27T10-2/AllSkyImage000105717.fit     63001     1299.     96.34      761.    14090.
2016-11-28T09:30:24.895     [06h 10m 33.130s] /Users/jake/Desktop/sextraction/2016-11-27T10-2/AllSkyImage000105703.fit     63001     1306.     70.09      936.    10739.
2016-11-28T09:29:23.832     [06h 09m 31.900s] /Users/jake/Desktop/sextraction/2016-11-27T10-2/AllSkyImage000105702.fit     63001     1307.     64.02      994.     5088.
2016-11-28T09:43:38.745     [06h 23m 49.154s] /Users/jake/Desktop/sextraction/2016-11-27T10-2/AllSkyImage000105716.fit     63001     1299.     78.44        0.    10008.
2016-11-28T09:55:51.517     [06h 36m 03.932s] /Users/jake/Desktop/sextraction/2016-11-27T10-2/AllSkyImage000105727.fit     63001     1303.     103.5     1010.    16216.
2016-11-28T09:54:50.444     [06h 35m 02.692s] /Users/jake/Desktop/sextraction/2016-11-27T10-2/AllSkyImage000105726.fit     63001     1301.     103.1     1044.    16152.
2016-11-28T09:46:41.937     [06h 26m 52.847s] /Users/jake/Desktop/sextraction/2016-11-27T10-2/AllSkyImage000105718.fit     63001     1300.     82.67     1014.    11531.
2016-11-28T09:52:48.313     [06h 33m 00.226s] /Users/jake/Desktop/sextraction/2016-11-27T10-2/AllSkyImage000105724.fit     63001     1299.     84.09      968.    12652.
2016-11-28T09:58:54.708     [06h 39m 07.625s] /Users/jake/Desktop/sextraction/2016-11-27T10-2/AllSkyImage000105730.fit     63001     1307.     83.06     1043.    11658.
2016-11-28T09:53:49.377     [06h 34m 01.458s] /Users/jake/Desktop/sextraction/2016-11-27T10-2/AllSkyImage000105725.fit     63001     1300.     81.98     1064.    10329.
2016-11-28T09:47:43.001     [06h 27m 54.078s] /Users/jake/Desktop/sextraction/2016-11-27T10-2/AllSkyImage000105719.fit     63001     1300.     81.46     1096.     9893.
2016-11-28T09:49:45.129     [06h 29m 56.541s] /Users/jake/Desktop/sextraction/2016-11-27T10-2/AllSkyImage000105721.fit     63001     1300.     108.3     1049.    16067.
2016-11-28T09:36:31.283     [06h 16m 40.521s] /Users/jake/Desktop/sextraction/2016-11-27T10-2/AllSkyImage000105709.fit     63001     1301.     73.22        0.    11980.
2016-11-28T09:35:30.228     [06h 15m 39.299s] /Users/jake/Desktop/sextraction/2016-11-27T10-2/AllSkyImage000105708.fit     63001     1301.     64.79        0.     5867.
2016-11-28T09:48:44.067     [06h 28m 55.312s] /Users/jake/Desktop/sextraction/2016-11-27T10-2/AllSkyImage000105720.fit     63001     1301.     90.93     1000.    15282.
2016-11-28T09:50:46.197     [06h 30m 57.776s] /Users/jake/Desktop/sextraction/2016-11-27T10-2/AllSkyImage000105722.fit     63001     1300.     103.4     1010.    16074.
2016-11-28T09:51:47.253     [06h 31m 58.999s] /Users/jake/Desktop/sextraction/2016-11-27T10-2/AllSkyImage000105723.fit     63001     1299.       97.     1026.    16763.
